<?xml version="1.0" encoding="UTF-8"?>
<!-- Generated by org.testng.reporters.JUnitReportReporter -->
<testsuite hostname="UDAYKIRAN" failures="0" tests="1" name="labmodule.Lab_Billing_Existing_Patient" time="65.850" errors="0" timestamp="2023-06-21T22:04:06 IST" skipped="0">
  <testcase classname="labmodule.Lab_Billing_Existing_Patient" name="LabBilling" time="65.850"/>
  <system-out>
    <![CDATA[username is Entered
password is Entered
Clicked on Location
Hospital branches available in 4 Locations
Bogulkunta Location is selected 
Select Location
Banjara Hills
Bogulkunta
Hyderguda
Enter Doctor name
lab is selected
clicked on the submit button, lab booking is completed]]>
  </system-out>
</testsuite> <!-- labmodule.Lab_Billing_Existing_Patient -->
