<?xml version="1.0" encoding="UTF-8"?>
<!-- Generated by org.testng.reporters.JUnitReportReporter -->
<testsuite hostname="UDAYKIRAN" failures="0" tests="1" name="uitests.SampleTestClass" time="51.110" errors="0" timestamp="2023-06-18T22:33:37 IST" skipped="0">
  <testcase classname="uitests.SampleTestClass" name="testMethod" time="51.110"/>
  <system-out>
    <![CDATA[username is Entered
password is Entered
Clicked on Location
Hospital branches available in 4 Locations
Bogulkunta Location is selected 
Select Location
Banjara Hills
Bogulkunta
Hyderguda
doctor seletec
labis selected
clicked on the submit button, lab booking is completed]]>
  </system-out>
</testsuite> <!-- uitests.SampleTestClass -->
