<?xml version="1.0" encoding="UTF-8"?>
<!-- Generated by org.testng.reporters.JUnitReportReporter -->
<testsuite hostname="UDAYKIRAN" failures="0" tests="1" name="labmodule.Lab_Billing_Direct_Patient" time="37.597" errors="0" timestamp="2023-06-21T22:05:21 IST" skipped="0">
  <testcase classname="labmodule.Lab_Billing_Direct_Patient" name="Bookmethod" time="37.597"/>
  <system-out>
    <![CDATA[username is Entered
password is Entered
Clicked on Location
Hospital branches available in 4 Locations
Bogulkunta Location is selected 
Select Location
Banjara Hills
Bogulkunta
Hyderguda
Clicked on gender dropdown
Available genders 5]]>
  </system-out>
</testsuite> <!-- labmodule.Lab_Billing_Direct_Patient -->
