<?xml version="1.0" encoding="UTF-8"?>
<!-- Generated by org.testng.reporters.JUnitReportReporter -->
<testsuite hostname="UDAYKIRAN" failures="0" tests="1" name="uitests.LoginTest" time="14.146" errors="0" timestamp="2023-11-10T22:10:57 IST" skipped="0">
  <testcase classname="uitests.LoginTest" name="loginMethod" time="14.146"/>
  <system-out>
    <![CDATA[username is Entered
password is Entered
Clicked on Location
Hospital branches available in 4 Locations
Bogulkunta Location is selected 
Select Location
Banjara Hills
Bogulkunta
Hyderguda]]>
  </system-out>
</testsuite> <!-- uitests.LoginTest -->
